<?xml version="1.0" encoding="UTF-8"?>
<!-- Generated by org.testng.reporters.JUnitXMLReporter -->
<testsuite ignored="0" hostname="DESKTOP-9NIDAD7" failures="0" tests="23" name="Testhomepage" time="1107.186" errors="0" timestamp="2022-03-18T11:08:53 EDT">
  <testcase classname="Inkbox.Tests.HomePageTest" name="@BeforeMethod BeforeMethod" time="12.062">
    <failure type="java.lang.AssertionError">
      <![CDATA[java.lang.AssertionError
at org.junit.Assert.fail(Assert.java:86)
at org.junit.Assert.fail(Assert.java:95)
at Helpers.ControlHelpers.ButtonClick(ControlHelpers.java:186)
at Inkbox.Pages.BasePage.SelectGeoLocation(BasePage.java:211)
at Inkbox.Tests.HomePageTest.BeforeMethod(HomePageTest.java:348)
at java.base/java.util.concurrent.ThreadPoolExecutor.runWorker(ThreadPoolExecutor.java:1130)
at java.base/java.util.concurrent.ThreadPoolExecutor$Worker.run(ThreadPoolExecutor.java:630)
at java.base/java.lang.Thread.run(Thread.java:831)
... Removed 15 stack frames]]>
    </failure>
  </testcase> <!-- @BeforeMethod BeforeMethod -->
  <testcase classname="Inkbox.Tests.HomePageTest" name="@AfterMethod AfterMethod" time="0.0">
    <failure type="java.lang.NullPointerException" message="Cannot invoke &amp;quot;String.replaceAll(String, String)&amp;quot; because &amp;quot;MethodName&amp;quot; is null">
      <![CDATA[java.lang.NullPointerException: Cannot invoke "String.replaceAll(String, String)" because "MethodName" is null
at Inkbox.Tests.HomePageTest.AfterMethod(HomePageTest.java:355)
at java.base/java.util.concurrent.ThreadPoolExecutor.runWorker(ThreadPoolExecutor.java:1130)
at java.base/java.util.concurrent.ThreadPoolExecutor$Worker.run(ThreadPoolExecutor.java:630)
at java.base/java.lang.Thread.run(Thread.java:831)
... Removed 16 stack frames]]>
    </failure>
  </testcase> <!-- @AfterMethod AfterMethod -->
  <testcase classname="Inkbox.Tests.HomePageTest" name="@AfterMethod AfterMethod" time="0.0">
    <failure type="java.lang.NullPointerException" message="Cannot invoke &amp;quot;String.replaceAll(String, String)&amp;quot; because &amp;quot;MethodName&amp;quot; is null">
      <![CDATA[java.lang.NullPointerException: Cannot invoke "String.replaceAll(String, String)" because "MethodName" is null
at Inkbox.Tests.HomePageTest.AfterMethod(HomePageTest.java:355)
at java.base/java.util.concurrent.ThreadPoolExecutor.runWorker(ThreadPoolExecutor.java:1130)
at java.base/java.util.concurrent.ThreadPoolExecutor$Worker.run(ThreadPoolExecutor.java:630)
at java.base/java.lang.Thread.run(Thread.java:831)
... Removed 16 stack frames]]>
    </failure>
  </testcase> <!-- @AfterMethod AfterMethod -->
  <testcase classname="Inkbox.Tests.HomePageTest" name="PDP_Validation_GuestUser_Accordion_Max_Mini_Pickedforyou_Arrow_scrollable_ShopinstaVisible" time="119.952"/>
  <testcase classname="Inkbox.Tests.HomePageTest" name="PDP_Validation_WithLogin_Accordion_Max_Mini_Pickedforyou_Arrow_scrollable_ShopinstaVisible" time="143.085"/>
  <testcase classname="Inkbox.Tests.HomePageTest" name="PDP_RecentlyView_Validation_GuestUser" time="261.587"/>
  <testcase classname="Inkbox.Tests.HomePageTest" name="ProductsDisplayed_are_Clicable_And_Move_To_PDP" time="102.215"/>
  <testcase classname="Inkbox.Tests.HomePageTest" name="ReturnPolicy_Validation_Footer" time="92.246"/>
  <testcase classname="Inkbox.Tests.HomePageTest" name="PDP_RecentlyView_Validation_LoginUser" time="282.253"/>
  <testcase classname="Inkbox.Tests.HomePageTest" name="TC_4887_Tracking_Validation_Footer" time="85.609"/>
  <testcase classname="Inkbox.Tests.HomePageTest" name="TC_5058_ValidateFreeShipping_Without_ItemsInCart" time="87.844"/>
  <testcase classname="Inkbox.Tests.HomePageTest" name="Trace_FAQ_Max_and_Min_Validation" time="128.158"/>
  <testcase classname="Inkbox.Tests.HomePageTest" name="UserImageChangingOrNot" time="146.161"/>
  <testcase classname="Inkbox.Tests.HomePageTest" name="Validate_HomePage_MenuItems" time="94.337"/>
  <testcase classname="Inkbox.Tests.HomePageTest" name="Validate_Footer_Text" time="201.535"/>
  <testcase classname="Inkbox.Tests.HomePageTest" name="Validate_FAQ_Navigation" time="292.596"/>
  <testcase classname="Inkbox.Tests.HomePageTest" name="Validate_Maxmize_minimize_FAQ" time="118.755"/>
  <testcase classname="Inkbox.Tests.HomePageTest" name="Validate_Footer" time="332.523"/>
  <testcase classname="Inkbox.Tests.HomePageTest" name="Validate_ReviewTag" time="88.72"/>
  <testcase classname="Inkbox.Tests.HomePageTest" name="Validate_Shop" time="86.903"/>
  <testcase classname="Inkbox.Tests.HomePageTest" name="Validate_PopularCategories" time="189.381"/>
  <testcase classname="Inkbox.Tests.HomePageTest" name="Validate_TattooMarker" time="143.691"/>
  <testcase classname="Inkbox.Tests.HomePageTest" name="Verify_EmailField_Footer" time="0.0">
    <skipped/>
  </testcase> <!-- Verify_EmailField_Footer -->
  <testcase classname="Inkbox.Tests.HomePageTest" name="Verify_InkoxLogo_Navigation" time="0.0">
    <skipped/>
  </testcase> <!-- Verify_InkoxLogo_Navigation -->
  <testcase classname="Inkbox.Tests.HomePageTest" name="Validating_Facebook_Login" time="110.671"/>
  <testcase classname="Inkbox.Tests.HomePageTest" name="Validating_HomePage" time="90.079"/>
</testsuite> <!-- Testhomepage -->
