<?xml version="1.0" encoding="UTF-8"?>
<!-- Generated by org.testng.reporters.JUnitXMLReporter -->
<testsuite ignored="0" hostname="DESKTOP-9NIDAD7" failures="1" tests="24" name="TesthomepageGBP" time="401.11" errors="0" timestamp="2022-03-19T19:16:29 EDT">
  <testcase classname="Inkbox.Tests.HomePageTest" name="@AfterMethod AfterMethod" time="0.932">
    <failure type="java.lang.Exception" message="TestRail API returned HTTP 400(&amp;quot;No (active) test found for the run/case combination.&amp;quot;)">
      <![CDATA[java.lang.Exception: TestRail API returned HTTP 400("No (active) test found for the run/case combination.")
at Helpers.APIClient2.sendRequest(APIClient2.java:314)
at Helpers.APIClient2.sendPost(APIClient2.java:149)
at Helpers.TestRailIntegration.addResultForTestCase(TestRailIntegration.java:123)
at Inkbox.Tests.HomePageTest.AfterMethod(HomePageTest.java:373)
at java.base/java.util.concurrent.ThreadPoolExecutor.runWorker(ThreadPoolExecutor.java:1130)
at java.base/java.util.concurrent.ThreadPoolExecutor$Worker.run(ThreadPoolExecutor.java:630)
at java.base/java.lang.Thread.run(Thread.java:831)
... Removed 16 stack frames]]>
    </failure>
  </testcase> <!-- @AfterMethod AfterMethod -->
  <testcase classname="Inkbox.Tests.HomePageTest" name="@AfterMethod AfterMethod" time="0.0">
    <failure type="java.lang.NullPointerException" message="Cannot invoke &amp;quot;String.replaceAll(String, String)&amp;quot; because &amp;quot;MethodName&amp;quot; is null">
      <![CDATA[java.lang.NullPointerException: Cannot invoke "String.replaceAll(String, String)" because "MethodName" is null
at Inkbox.Tests.HomePageTest.AfterMethod(HomePageTest.java:355)
at java.base/java.util.concurrent.ThreadPoolExecutor.runWorker(ThreadPoolExecutor.java:1130)
at java.base/java.util.concurrent.ThreadPoolExecutor$Worker.run(ThreadPoolExecutor.java:630)
at java.base/java.lang.Thread.run(Thread.java:831)
... Removed 16 stack frames]]>
    </failure>
  </testcase> <!-- @AfterMethod AfterMethod -->
  <testcase classname="Inkbox.Tests.HomePageTest" name="@AfterMethod AfterMethod" time="0.0">
    <failure type="java.lang.NullPointerException" message="Cannot invoke &amp;quot;String.replaceAll(String, String)&amp;quot; because &amp;quot;MethodName&amp;quot; is null">
      <![CDATA[java.lang.NullPointerException: Cannot invoke "String.replaceAll(String, String)" because "MethodName" is null
at Inkbox.Tests.HomePageTest.AfterMethod(HomePageTest.java:355)
at java.base/java.util.concurrent.ThreadPoolExecutor.runWorker(ThreadPoolExecutor.java:1130)
at java.base/java.util.concurrent.ThreadPoolExecutor$Worker.run(ThreadPoolExecutor.java:630)
at java.base/java.lang.Thread.run(Thread.java:831)
... Removed 16 stack frames]]>
    </failure>
  </testcase> <!-- @AfterMethod AfterMethod -->
  <testcase classname="Inkbox.Tests.HomePageTest" name="@AfterMethod AfterMethod" time="0.001">
    <failure type="java.lang.NullPointerException" message="Cannot invoke &amp;quot;String.replaceAll(String, String)&amp;quot; because &amp;quot;MethodName&amp;quot; is null">
      <![CDATA[java.lang.NullPointerException: Cannot invoke "String.replaceAll(String, String)" because "MethodName" is null
at Inkbox.Tests.HomePageTest.AfterMethod(HomePageTest.java:355)
at java.base/java.util.concurrent.ThreadPoolExecutor.runWorker(ThreadPoolExecutor.java:1130)
at java.base/java.util.concurrent.ThreadPoolExecutor$Worker.run(ThreadPoolExecutor.java:630)
at java.base/java.lang.Thread.run(Thread.java:831)
... Removed 16 stack frames]]>
    </failure>
  </testcase> <!-- @AfterMethod AfterMethod -->
  <testcase classname="Inkbox.Tests.HomePageTest" name="@AfterMethod AfterMethod" time="0.001">
    <failure type="java.lang.NullPointerException" message="Cannot invoke &amp;quot;String.replaceAll(String, String)&amp;quot; because &amp;quot;MethodName&amp;quot; is null">
      <![CDATA[java.lang.NullPointerException: Cannot invoke "String.replaceAll(String, String)" because "MethodName" is null
at Inkbox.Tests.HomePageTest.AfterMethod(HomePageTest.java:355)
at java.base/java.util.concurrent.ThreadPoolExecutor.runWorker(ThreadPoolExecutor.java:1130)
at java.base/java.util.concurrent.ThreadPoolExecutor$Worker.run(ThreadPoolExecutor.java:630)
at java.base/java.lang.Thread.run(Thread.java:831)
... Removed 16 stack frames]]>
    </failure>
  </testcase> <!-- @AfterMethod AfterMethod -->
  <testcase classname="Inkbox.Tests.HomePageTest" name="@AfterMethod AfterMethod" time="0.0">
    <failure type="java.lang.NullPointerException" message="Cannot invoke &amp;quot;String.replaceAll(String, String)&amp;quot; because &amp;quot;MethodName&amp;quot; is null">
      <![CDATA[java.lang.NullPointerException: Cannot invoke "String.replaceAll(String, String)" because "MethodName" is null
at Inkbox.Tests.HomePageTest.AfterMethod(HomePageTest.java:355)
at java.base/java.util.concurrent.ThreadPoolExecutor.runWorker(ThreadPoolExecutor.java:1130)
at java.base/java.util.concurrent.ThreadPoolExecutor$Worker.run(ThreadPoolExecutor.java:630)
at java.base/java.lang.Thread.run(Thread.java:831)
... Removed 16 stack frames]]>
    </failure>
  </testcase> <!-- @AfterMethod AfterMethod -->
  <testcase classname="Inkbox.Tests.HomePageTest" name="@AfterMethod AfterMethod" time="0.001">
    <failure type="java.lang.NullPointerException" message="Cannot invoke &amp;quot;String.replaceAll(String, String)&amp;quot; because &amp;quot;MethodName&amp;quot; is null">
      <![CDATA[java.lang.NullPointerException: Cannot invoke "String.replaceAll(String, String)" because "MethodName" is null
at Inkbox.Tests.HomePageTest.AfterMethod(HomePageTest.java:355)
at java.base/java.util.concurrent.ThreadPoolExecutor.runWorker(ThreadPoolExecutor.java:1130)
at java.base/java.util.concurrent.ThreadPoolExecutor$Worker.run(ThreadPoolExecutor.java:630)
at java.base/java.lang.Thread.run(Thread.java:831)
... Removed 16 stack frames]]>
    </failure>
  </testcase> <!-- @AfterMethod AfterMethod -->
  <testcase classname="Inkbox.Tests.HomePageTest" name="@AfterMethod AfterMethod" time="0.0">
    <failure type="java.lang.NullPointerException" message="Cannot invoke &amp;quot;String.replaceAll(String, String)&amp;quot; because &amp;quot;MethodName&amp;quot; is null">
      <![CDATA[java.lang.NullPointerException: Cannot invoke "String.replaceAll(String, String)" because "MethodName" is null
at Inkbox.Tests.HomePageTest.AfterMethod(HomePageTest.java:355)
at java.base/java.util.concurrent.ThreadPoolExecutor.runWorker(ThreadPoolExecutor.java:1130)
at java.base/java.util.concurrent.ThreadPoolExecutor$Worker.run(ThreadPoolExecutor.java:630)
at java.base/java.lang.Thread.run(Thread.java:831)
... Removed 16 stack frames]]>
    </failure>
  </testcase> <!-- @AfterMethod AfterMethod -->
  <testcase classname="Inkbox.Tests.HomePageTest" name="@AfterMethod AfterMethod" time="0.0">
    <failure type="java.lang.NullPointerException" message="Cannot invoke &amp;quot;String.replaceAll(String, String)&amp;quot; because &amp;quot;MethodName&amp;quot; is null">
      <![CDATA[java.lang.NullPointerException: Cannot invoke "String.replaceAll(String, String)" because "MethodName" is null
at Inkbox.Tests.HomePageTest.AfterMethod(HomePageTest.java:355)
at java.base/java.util.concurrent.ThreadPoolExecutor.runWorker(ThreadPoolExecutor.java:1130)
at java.base/java.util.concurrent.ThreadPoolExecutor$Worker.run(ThreadPoolExecutor.java:630)
at java.base/java.lang.Thread.run(Thread.java:831)
... Removed 16 stack frames]]>
    </failure>
  </testcase> <!-- @AfterMethod AfterMethod -->
  <testcase classname="Inkbox.Tests.HomePageTest" name="@AfterMethod AfterMethod" time="0.001">
    <failure type="java.lang.NullPointerException" message="Cannot invoke &amp;quot;String.replaceAll(String, String)&amp;quot; because &amp;quot;MethodName&amp;quot; is null">
      <![CDATA[java.lang.NullPointerException: Cannot invoke "String.replaceAll(String, String)" because "MethodName" is null
at Inkbox.Tests.HomePageTest.AfterMethod(HomePageTest.java:355)
at java.base/java.util.concurrent.ThreadPoolExecutor.runWorker(ThreadPoolExecutor.java:1130)
at java.base/java.util.concurrent.ThreadPoolExecutor$Worker.run(ThreadPoolExecutor.java:630)
at java.base/java.lang.Thread.run(Thread.java:831)
... Removed 16 stack frames]]>
    </failure>
  </testcase> <!-- @AfterMethod AfterMethod -->
  <testcase classname="Inkbox.Tests.HomePageTest" name="@AfterMethod AfterMethod" time="0.0">
    <failure type="java.lang.NullPointerException" message="Cannot invoke &amp;quot;String.replaceAll(String, String)&amp;quot; because &amp;quot;MethodName&amp;quot; is null">
      <![CDATA[java.lang.NullPointerException: Cannot invoke "String.replaceAll(String, String)" because "MethodName" is null
at Inkbox.Tests.HomePageTest.AfterMethod(HomePageTest.java:355)
at java.base/java.util.concurrent.ThreadPoolExecutor.runWorker(ThreadPoolExecutor.java:1130)
at java.base/java.util.concurrent.ThreadPoolExecutor$Worker.run(ThreadPoolExecutor.java:630)
at java.base/java.lang.Thread.run(Thread.java:831)
... Removed 16 stack frames]]>
    </failure>
  </testcase> <!-- @AfterMethod AfterMethod -->
  <testcase classname="Inkbox.Tests.HomePageTest" name="@AfterMethod AfterMethod" time="0.001">
    <failure type="java.lang.NullPointerException" message="Cannot invoke &amp;quot;String.replaceAll(String, String)&amp;quot; because &amp;quot;MethodName&amp;quot; is null">
      <![CDATA[java.lang.NullPointerException: Cannot invoke "String.replaceAll(String, String)" because "MethodName" is null
at Inkbox.Tests.HomePageTest.AfterMethod(HomePageTest.java:355)
at java.base/java.util.concurrent.ThreadPoolExecutor.runWorker(ThreadPoolExecutor.java:1130)
at java.base/java.util.concurrent.ThreadPoolExecutor$Worker.run(ThreadPoolExecutor.java:630)
at java.base/java.lang.Thread.run(Thread.java:831)
... Removed 16 stack frames]]>
    </failure>
  </testcase> <!-- @AfterMethod AfterMethod -->
  <testcase classname="Inkbox.Tests.HomePageTest" name="@AfterMethod AfterMethod" time="0.0">
    <failure type="java.lang.NullPointerException" message="Cannot invoke &amp;quot;String.replaceAll(String, String)&amp;quot; because &amp;quot;MethodName&amp;quot; is null">
      <![CDATA[java.lang.NullPointerException: Cannot invoke "String.replaceAll(String, String)" because "MethodName" is null
at Inkbox.Tests.HomePageTest.AfterMethod(HomePageTest.java:355)
at java.base/java.util.concurrent.ThreadPoolExecutor.runWorker(ThreadPoolExecutor.java:1130)
at java.base/java.util.concurrent.ThreadPoolExecutor$Worker.run(ThreadPoolExecutor.java:630)
at java.base/java.lang.Thread.run(Thread.java:831)
... Removed 16 stack frames]]>
    </failure>
  </testcase> <!-- @AfterMethod AfterMethod -->
  <testcase classname="Inkbox.Tests.HomePageTest" name="@AfterMethod AfterMethod" time="0.0">
    <failure type="java.lang.NullPointerException" message="Cannot invoke &amp;quot;String.replaceAll(String, String)&amp;quot; because &amp;quot;MethodName&amp;quot; is null">
      <![CDATA[java.lang.NullPointerException: Cannot invoke "String.replaceAll(String, String)" because "MethodName" is null
at Inkbox.Tests.HomePageTest.AfterMethod(HomePageTest.java:355)
at java.base/java.util.concurrent.ThreadPoolExecutor.runWorker(ThreadPoolExecutor.java:1130)
at java.base/java.util.concurrent.ThreadPoolExecutor$Worker.run(ThreadPoolExecutor.java:630)
at java.base/java.lang.Thread.run(Thread.java:831)
... Removed 16 stack frames]]>
    </failure>
  </testcase> <!-- @AfterMethod AfterMethod -->
  <testcase classname="Inkbox.Tests.HomePageTest" name="ReturnPolicy_Validation_Footer" time="99.985"/>
  <testcase classname="Inkbox.Tests.HomePageTest" name="ProductsDisplayed_are_Clicable_And_Move_To_PDP" time="112.891"/>
  <testcase classname="Inkbox.Tests.HomePageTest" name="PDP_Validation_GuestUser_Accordion_Max_Mini_Pickedforyou_Arrow_scrollable_ShopinstaVisible" time="127.509"/>
  <testcase classname="Inkbox.Tests.HomePageTest" name="PDP_Validation_WithLogin_Accordion_Max_Mini_Pickedforyou_Arrow_scrollable_ShopinstaVisible" time="145.308"/>
  <testcase classname="Inkbox.Tests.HomePageTest" name="TC_4887_Tracking_Validation_Footer" time="94.779"/>
  <testcase classname="Inkbox.Tests.HomePageTest" name="Validate_FAQ_Navigation" time="0.0">
    <skipped/>
  </testcase> <!-- Validate_FAQ_Navigation -->
  <testcase classname="Inkbox.Tests.HomePageTest" name="TC_5058_ValidateFreeShipping_Without_ItemsInCart" time="105.957">
    <skipped/>
  </testcase> <!-- TC_5058_ValidateFreeShipping_Without_ItemsInCart -->
  <testcase classname="Inkbox.Tests.HomePageTest" name="Validate_Footer" time="0.0">
    <skipped/>
  </testcase> <!-- Validate_Footer -->
  <testcase classname="Inkbox.Tests.HomePageTest" name="PDP_RecentlyView_Validation_GuestUser" time="269.052"/>
  <testcase classname="Inkbox.Tests.HomePageTest" name="Validate_Footer_Text" time="0.0">
    <skipped/>
  </testcase> <!-- Validate_Footer_Text -->
  <testcase classname="Inkbox.Tests.HomePageTest" name="Trace_FAQ_Max_and_Min_Validation" time="133.883"/>
  <testcase classname="Inkbox.Tests.HomePageTest" name="PDP_RecentlyView_Validation_LoginUser" time="291.64"/>
  <testcase classname="Inkbox.Tests.HomePageTest" name="Validate_HomePage_MenuItems" time="0.0">
    <skipped/>
  </testcase> <!-- Validate_HomePage_MenuItems -->
  <testcase classname="Inkbox.Tests.HomePageTest" name="Validate_Maxmize_minimize_FAQ" time="0.0">
    <skipped/>
  </testcase> <!-- Validate_Maxmize_minimize_FAQ -->
  <testcase classname="Inkbox.Tests.HomePageTest" name="Validate_PopularCategories" time="0.0">
    <skipped/>
  </testcase> <!-- Validate_PopularCategories -->
  <testcase classname="Inkbox.Tests.HomePageTest" name="Validate_ReviewTag" time="0.0">
    <skipped/>
  </testcase> <!-- Validate_ReviewTag -->
  <testcase classname="Inkbox.Tests.HomePageTest" name="Validate_Shop" time="0.0">
    <skipped/>
  </testcase> <!-- Validate_Shop -->
  <testcase classname="Inkbox.Tests.HomePageTest" name="UserImageChangingOrNot" time="150.2"/>
  <testcase classname="Inkbox.Tests.HomePageTest" name="Validate_TattooMarker" time="0.0">
    <skipped/>
  </testcase> <!-- Validate_TattooMarker -->
  <testcase classname="Inkbox.Tests.HomePageTest" name="Validating_Facebook_Login" time="0.0">
    <skipped/>
  </testcase> <!-- Validating_Facebook_Login -->
  <testcase classname="Inkbox.Tests.HomePageTest" name="Validating_HomePage" time="0.0">
    <skipped/>
  </testcase> <!-- Validating_HomePage -->
  <testcase classname="Inkbox.Tests.HomePageTest" name="Verify_EmailField_Footer" time="0.0">
    <skipped/>
  </testcase> <!-- Verify_EmailField_Footer -->
  <testcase classname="Inkbox.Tests.HomePageTest" name="Verify_InkoxLogo_Navigation" time="0.0">
    <skipped/>
  </testcase> <!-- Verify_InkoxLogo_Navigation -->
  <testcase classname="Inkbox.Tests.HomePageTest" name="TC_5058_ValidateFreeShipping_Without_ItemsInCart" time="104.919">
    <failure type="java.lang.AssertionError">
      <![CDATA[java.lang.AssertionError
at org.junit.Assert.fail(Assert.java:86)
at org.junit.Assert.fail(Assert.java:95)
at Helpers.ControlHelpers.getText(ControlHelpers.java:243)
at Inkbox.Pages.CartPage.Validate_FreeShipping_Msg_WithoutAdding_ItemsToCart(CartPage.java:59)
at Inkbox.Tests.HomePageTest.TC_5058_ValidateFreeShipping_Without_ItemsInCart(HomePageTest.java:52)
at java.base/java.util.concurrent.ThreadPoolExecutor.runWorker(ThreadPoolExecutor.java:1130)
at java.base/java.util.concurrent.ThreadPoolExecutor$Worker.run(ThreadPoolExecutor.java:630)
at java.base/java.lang.Thread.run(Thread.java:831)
... Removed 12 stack frames]]>
    </failure>
  </testcase> <!-- TC_5058_ValidateFreeShipping_Without_ItemsInCart -->
</testsuite> <!-- TesthomepageGBP -->
