<?xml version="1.0" encoding="UTF-8"?>
<!-- Generated by org.testng.reporters.JUnitXMLReporter -->
<testsuite ignored="0" hostname="DESKTOP-9NIDAD7" failures="0" tests="10" name="TestQuizCAD" time="617.822" errors="0" timestamp="2022-03-31T03:07:22 EDT">
  <testcase classname="Inkbox.Tests.QuizTest" name="TC_5085_Validate_QuizPageAvailability" time="71.335"/>
  <testcase classname="Inkbox.Tests.QuizTest" name="TC_5087_Validate_StartQUiz" time="219.576"/>
  <testcase classname="Inkbox.Tests.QuizTest" name="TC_5086_Press_StartQuiz" time="234.188"/>
  <testcase classname="Inkbox.Tests.QuizTest" name="TC_5088_Complete_Quiz" time="239.47"/>
  <testcase classname="Inkbox.Tests.QuizTest" name="TC_5089_Validate_RetakeQuiz_AfterCompletionOfQuiz" time="264.759"/>
  <testcase classname="Inkbox.Tests.QuizTest" name="TC_5092_Validate_QuizSelection" time="248.814"/>
  <testcase classname="Inkbox.Tests.QuizTest" name="TC_5091_Validate_Quiz_AfterCompletionOfQuiz_WithClearCookies" time="398.567"/>
  <testcase classname="Inkbox.Tests.QuizTest" name="TC_5094_validate_displayTray_WhenOneSelectionIn_Quiz" time="249.801"/>
  <testcase classname="Inkbox.Tests.QuizTest" name="TC_5093_Validate_QuizSelection_trayLocation" time="256.442"/>
  <testcase classname="Inkbox.Tests.QuizTest" name="TC_5095_Validate_WithoutCompletingQuiz" time="229.549"/>
</testsuite> <!-- TestQuizCAD -->
