<?xml version="1.0" encoding="UTF-8"?>
<!-- Generated by org.testng.reporters.JUnitXMLReporter -->
<testsuite ignored="1" hostname="DESKTOP-9NIDAD7" failures="0" tests="13" name="TestCustomCAD" time="737.242" errors="0" timestamp="2022-03-31T02:57:04 EDT">
  <testcase classname="Inkbox.Tests.CustomTest" name="TC_5133_Recentlycreated_Validation_Custom" time="92.737"/>
  <testcase classname="Inkbox.Tests.CustomTest" name="TC_5130_Custom_Menubar" time="123.175"/>
  <testcase classname="Inkbox.Tests.CustomTest" name="Validate_CreateYourOwn_Tattoos" time="193.917">
    <skipped/>
  </testcase> <!-- Validate_CreateYourOwn_Tattoos -->
  <testcase classname="Inkbox.Tests.CustomTest" name="TC_5129_Add_Custom_Preview_product_ToCart" time="193.688"/>
  <testcase classname="Inkbox.Tests.CustomTest" name="TC_5132_Validate_FAQ_Navigation_FromCustom" time="201.702"/>
  <testcase classname="Inkbox.Tests.CustomTest" name="TC_5134_CommunityCreated_Validation_Custom" time="92.261"/>
  <testcase classname="Inkbox.Tests.CustomTest" name="TC_5135_Validating_Text_Custom" time="186.536"/>
  <testcase classname="Inkbox.Tests.CustomTest" name="TC_5136_Validating_Text_SaveMessage_Custom" time="143.405"/>
  <testcase classname="Inkbox.Tests.CustomTest" name="TC_5137_Verify_Custom" time="155.472">
    <skipped/>
  </testcase> <!-- TC_5137_Verify_Custom -->
  <testcase classname="Inkbox.Tests.CustomTest" name="Validate_CreateYourOwn_Tattoos" time="201.873"/>
  <testcase classname="Inkbox.Tests.CustomTest" name="TC_5138_Validating_TrendingDesigns_Custom" time="209.951"/>
  <testcase classname="Inkbox.Tests.CustomTest" name="TC_5139_Validate_Maxmize_minimize_FAQ_FromCustom" time="90.549"/>
  <testcase classname="Inkbox.Tests.CustomTest" name="TC_5137_Verify_Custom" time="195.63"/>
  <testcase classname="Inkbox.Tests.CustomTest" name="TC_5057_Validate_freeShipping_Message_Custom" time="0.0">
    <ignored/>
  </testcase> <!-- TC_5057_Validate_freeShipping_Message_Custom -->
</testsuite> <!-- TestCustomCAD -->
